this is nvme log
this is nvme log
this is nvme log
this is nvme log
this is nvme log
this is nvme log
this is nvme log
this is nvme log
this is nvme log
this is nvme log
this is nvme log
this is nvme log
this is nvme log
this is nvme log
this is nvme log
this is nvme log
this is nvme log
this is nvme log
this is nvme log
this is nvme log
this is nvme log
this is nvme log
this is nvme log
this is nvme log
this is nvme log
this is nvme log
this is nvme log
this is nvme log
this is nvme log
this is nvme log
this is nvme log
this is nvme log
this is nvme log
this is nvme log
this is nvme log
this is nvme log
this is nvme log
this is nvme log
this is nvme log
this is nvme log
this is nvme log
this is nvme log
this is nvme log
this is nvme log
this is nvme log
this is nvme log
this is nvme log
this is nvme log
this is nvme log
this is nvme log
this is nvme log
this is nvme log
this is nvme log
this is nvme log
this is nvme log
this is nvme log
this is nvme log
this is nvme log
this is nvme log
this is nvme log
this is nvme log
this is nvme log
this is nvme log
this is nvme log
this is nvme log
this is nvme log
this is nvme log
this is nvme log
this is nvme log
this is nvme log
this is nvme log
this is nvme log
this is nvme log
this is nvme log
this is nvme log
this is nvme log
this is nvme log
this is nvme log
this is nvme log
this is nvme log
this is nvme log
this is nvme log
this is nvme log
this is nvme log
this is nvme log
this is nvme log
this is nvme log
this is nvme log
this is nvme log
this is nvme log
this is nvme log
this is nvme log
this is nvme log
this is nvme log
this is nvme log
this is nvme log
this is nvme log
this is nvme log
this is nvme log
this is nvme log
this is nvme log
this is nvme log
this is nvme log
this is nvme log
this is nvme log
this is nvme log
this is nvme log
this is nvme log
this is nvme log
this is nvme log
this is nvme log
this is nvme log
this is nvme log
this is nvme log
this is nvme log
this is nvme log
this is nvme log
this is nvme log
this is nvme log
this is nvme log
this is nvme log
this is nvme log
this is nvme log
this is nvme log
this is nvme log
this is nvme log
this is nvme log
this is nvme log
this is nvme log
this is nvme log
this is nvme log
this is new line getting added
thi is one more line added
thi is one more line added
thi is one more line added
thi is one more line added
thi is one more line added
thi is one more line added
thi is one more line added
thi is one more line added
thi is one more line added
thi is one more line added
thi is one more line added
thi is one more line added
thi is one more line added
adding new line
one more lline

one more lline

